[1218/120112.590:ERROR:directory_reader_win.cc(43)] FindFirstFile: The system cannot find the path specified. (0x3)
[1219/105602.239:ERROR:directory_reader_win.cc(43)] FindFirstFile: The system cannot find the path specified. (0x3)
[1219/172651.682:ERROR:process_reader_win.cc(151)] SuspendThread: Access is denied. (0x5)
[1219/172651.682:ERROR:process_reader_win.cc(151)] SuspendThread: Access is denied. (0x5)
[1219/172652.010:ERROR:process_reader_win.cc(151)] SuspendThread: Access is denied. (0x5)
[1219/172652.010:ERROR:process_reader_win.cc(151)] SuspendThread: Access is denied. (0x5)
[1219/172652.010:ERROR:process_reader_win.cc(151)] SuspendThread: Access is denied. (0x5)
[1219/172652.010:ERROR:process_reader_win.cc(151)] SuspendThread: Access is denied. (0x5)
[1219/172651.994:ERROR:process_reader_win.cc(123)] NtOpenThread: {Access Denied} A process has requested access to an object, but has not been granted those access rights. (0xc0000022)
[1219/172651.947:ERROR:process_reader_win.cc(123)] NtOpenThread: {Access Denied} A process has requested access to an object, but has not been granted those access rights. (0xc0000022)
[1219/172652.025:ERROR:process_reader_win.cc(151)] SuspendThread: Access is denied. (0x5)
[1219/172652.025:ERROR:process_reader_win.cc(151)] SuspendThread: Access is denied. (0x5)
[1219/172652.025:ERROR:exception_snapshot_win.cc(99)] thread ID 20788 not found in process
[1219/172652.025:ERROR:process_reader_win.cc(151)] SuspendThread: Access is denied. (0x5)
[1219/172652.025:ERROR:exception_snapshot_win.cc(99)] thread ID 21980 not found in process
[1219/172652.025:ERROR:process_reader_win.cc(151)] SuspendThread: Access is denied. (0x5)
[1219/172652.025:ERROR:process_reader_win.cc(123)] NtOpenThread: {Access Denied} A process has requested access to an object, but has not been granted those access rights. (0xc0000022)
[1219/172652.025:ERROR:exception_snapshot_win.cc(99)] thread ID 9664 not found in process
[1219/172651.744:ERROR:process_reader_win.cc(151)] SuspendThread: Access is denied. (0x5)
[1219/172652.057:ERROR:process_reader_win.cc(123)] NtOpenThread: {Access Denied} A process has requested access to an object, but has not been granted those access rights. (0xc0000022)
[1219/172652.057:ERROR:exception_snapshot_win.cc(99)] thread ID 20364 not found in process
[1219/172652.197:ERROR:process_reader_win.cc(123)] NtOpenThread: {Access Denied} A process has requested access to an object, but has not been granted those access rights. (0xc0000022)
[1219/172652.197:ERROR:exception_snapshot_win.cc(99)] thread ID 19004 not found in process
[1219/172652.369:ERROR:process_reader_win.cc(123)] NtOpenThread: {Access Denied} A process has requested access to an object, but has not been granted those access rights. (0xc0000022)
[1219/172652.369:ERROR:exception_snapshot_win.cc(99)] thread ID 17656 not found in process
[1219/172652.557:ERROR:process_reader_win.cc(123)] NtOpenThread: {Access Denied} A process has requested access to an object, but has not been granted those access rights. (0xc0000022)
[1219/172652.557:ERROR:exception_snapshot_win.cc(99)] thread ID 23236 not found in process
[1219/172652.572:ERROR:process_reader_win.cc(123)] NtOpenThread: {Access Denied} A process has requested access to an object, but has not been granted those access rights. (0xc0000022)
[1219/172652.572:ERROR:exception_snapshot_win.cc(99)] thread ID 15856 not found in process
[1219/172652.588:ERROR:process_reader_win.cc(123)] NtOpenThread: {Access Denied} A process has requested access to an object, but has not been granted those access rights. (0xc0000022)
[1219/172652.588:ERROR:exception_snapshot_win.cc(99)] thread ID 14468 not found in process
[1219/172652.932:ERROR:process_reader_win.cc(151)] SuspendThread: Access is denied. (0x5)
[1219/172652.932:ERROR:process_reader_win.cc(151)] SuspendThread: Access is denied. (0x5)
[1219/172652.932:ERROR:process_reader_win.cc(151)] SuspendThread: Access is denied. (0x5)
[1219/172652.932:ERROR:process_reader_win.cc(151)] SuspendThread: Access is denied. (0x5)
[1219/172652.932:ERROR:process_reader_win.cc(151)] SuspendThread: Access is denied. (0x5)
[1219/172652.932:ERROR:process_reader_win.cc(151)] SuspendThread: Access is denied. (0x5)
[1219/172652.932:ERROR:process_reader_win.cc(151)] SuspendThread: Access is denied. (0x5)
[1219/172652.932:ERROR:process_reader_win.cc(151)] SuspendThread: Access is denied. (0x5)
[1219/172652.932:ERROR:process_reader_win.cc(151)] SuspendThread: Access is denied. (0x5)
[1219/172652.932:ERROR:process_reader_win.cc(151)] SuspendThread: Access is denied. (0x5)
[1219/172652.932:ERROR:process_reader_win.cc(151)] SuspendThread: Access is denied. (0x5)
[1219/172652.932:ERROR:process_reader_win.cc(151)] SuspendThread: Access is denied. (0x5)
[1219/172652.932:ERROR:process_reader_win.cc(151)] SuspendThread: Access is denied. (0x5)
[1219/172652.932:ERROR:process_reader_win.cc(123)] NtOpenThread: {Access Denied} A process has requested access to an object, but has not been granted those access rights. (0xc0000022)
[1219/172652.932:ERROR:exception_snapshot_win.cc(99)] thread ID 19096 not found in process
[1219/172652.979:ERROR:process_reader_win.cc(123)] NtOpenThread: {Access Denied} A process has requested access to an object, but has not been granted those access rights. (0xc0000022)
[1219/172652.979:ERROR:exception_snapshot_win.cc(99)] thread ID 16148 not found in process
[1219/172653.213:ERROR:process_reader_win.cc(151)] SuspendThread: Access is denied. (0x5)
[1219/172653.213:ERROR:process_reader_win.cc(151)] SuspendThread: Access is denied. (0x5)
[1219/172653.213:ERROR:process_reader_win.cc(151)] SuspendThread: Access is denied. (0x5)
[1219/172653.213:ERROR:process_reader_win.cc(151)] SuspendThread: Access is denied. (0x5)
[1219/172653.213:ERROR:process_reader_win.cc(151)] SuspendThread: Access is denied. (0x5)
[1219/172653.213:ERROR:process_reader_win.cc(151)] SuspendThread: Access is denied. (0x5)
[1219/172653.213:ERROR:process_reader_win.cc(151)] SuspendThread: Access is denied. (0x5)
[1219/172653.213:ERROR:process_reader_win.cc(151)] SuspendThread: Access is denied. (0x5)
[1219/172653.213:ERROR:process_reader_win.cc(123)] NtOpenThread: {Access Denied} A process has requested access to an object, but has not been granted those access rights. (0xc0000022)
[1219/172653.213:ERROR:exception_snapshot_win.cc(99)] thread ID 1316 not found in process
[1219/172653.525:ERROR:process_reader_win.cc(151)] SuspendThread: Access is denied. (0x5)
[1219/172653.525:ERROR:process_reader_win.cc(151)] SuspendThread: Access is denied. (0x5)
[1219/172653.525:ERROR:process_reader_win.cc(151)] SuspendThread: Access is denied. (0x5)
[1219/172653.525:ERROR:process_reader_win.cc(151)] SuspendThread: Access is denied. (0x5)
[1219/172653.525:ERROR:process_reader_win.cc(151)] SuspendThread: Access is denied. (0x5)
[1219/172653.525:ERROR:process_reader_win.cc(151)] SuspendThread: Access is denied. (0x5)
[1219/172653.525:ERROR:process_reader_win.cc(151)] SuspendThread: Access is denied. (0x5)
[1219/172653.525:ERROR:process_reader_win.cc(151)] SuspendThread: Access is denied. (0x5)
[1219/172653.525:ERROR:process_reader_win.cc(151)] SuspendThread: Access is denied. (0x5)
[1219/172653.525:ERROR:process_reader_win.cc(151)] SuspendThread: Access is denied. (0x5)
[1219/172653.525:ERROR:process_reader_win.cc(151)] SuspendThread: Access is denied. (0x5)
[1219/172653.525:ERROR:process_reader_win.cc(151)] SuspendThread: Access is denied. (0x5)
[1219/172653.525:ERROR:process_reader_win.cc(151)] SuspendThread: Access is denied. (0x5)
[1219/172653.525:ERROR:process_reader_win.cc(123)] NtOpenThread: {Access Denied} A process has requested access to an object, but has not been granted those access rights. (0xc0000022)
[1219/172653.525:ERROR:exception_snapshot_win.cc(99)] thread ID 12144 not found in process
[1219/172653.682:ERROR:process_reader_win.cc(151)] SuspendThread: Access is denied. (0x5)
[1219/172653.682:ERROR:process_reader_win.cc(151)] SuspendThread: Access is denied. (0x5)
[1219/172653.682:ERROR:process_reader_win.cc(151)] SuspendThread: Access is denied. (0x5)
[1219/172653.682:ERROR:process_reader_win.cc(151)] SuspendThread: Access is denied. (0x5)
[1219/172653.682:ERROR:process_reader_win.cc(151)] SuspendThread: Access is denied. (0x5)
[1219/172653.682:ERROR:process_reader_win.cc(151)] SuspendThread: Access is denied. (0x5)
[1219/172653.682:ERROR:process_reader_win.cc(151)] SuspendThread: Access is denied. (0x5)
[1219/172653.682:ERROR:process_reader_win.cc(151)] SuspendThread: Access is denied. (0x5)
[1219/172653.682:ERROR:process_reader_win.cc(151)] SuspendThread: Access is denied. (0x5)
[1219/172653.682:ERROR:process_reader_win.cc(151)] SuspendThread: Access is denied. (0x5)
[1219/172653.682:ERROR:process_reader_win.cc(123)] NtOpenThread: {Access Denied} A process has requested access to an object, but has not been granted those access rights. (0xc0000022)
[1219/172653.682:ERROR:exception_snapshot_win.cc(99)] thread ID 19284 not found in process
[1219/172653.775:ERROR:process_reader_win.cc(151)] SuspendThread: Access is denied. (0x5)
[1219/172653.775:ERROR:process_reader_win.cc(151)] SuspendThread: Access is denied. (0x5)
[1219/172653.775:ERROR:process_reader_win.cc(151)] SuspendThread: Access is denied. (0x5)
[1219/172653.775:ERROR:process_reader_win.cc(151)] SuspendThread: Access is denied. (0x5)
[1219/172653.775:ERROR:process_reader_win.cc(151)] SuspendThread: Access is denied. (0x5)
[1219/172653.775:ERROR:process_reader_win.cc(151)] SuspendThread: Access is denied. (0x5)
[1219/172653.775:ERROR:process_reader_win.cc(151)] SuspendThread: Access is denied. (0x5)
[1219/172653.775:ERROR:process_reader_win.cc(151)] SuspendThread: Access is denied. (0x5)
[1219/172653.775:ERROR:process_reader_win.cc(151)] SuspendThread: Access is denied. (0x5)
[1219/172653.775:ERROR:process_reader_win.cc(151)] SuspendThread: Access is denied. (0x5)
[1219/172653.775:ERROR:process_reader_win.cc(151)] SuspendThread: Access is denied. (0x5)
[1219/172653.775:ERROR:process_reader_win.cc(123)] NtOpenThread: {Access Denied} A process has requested access to an object, but has not been granted those access rights. (0xc0000022)
[1219/172653.775:ERROR:exception_snapshot_win.cc(99)] thread ID 19872 not found in process
[1219/172653.900:ERROR:process_reader_win.cc(151)] SuspendThread: Access is denied. (0x5)
[1219/172653.900:ERROR:process_reader_win.cc(151)] SuspendThread: Access is denied. (0x5)
[1219/172653.900:ERROR:process_reader_win.cc(151)] SuspendThread: Access is denied. (0x5)
[1219/172653.900:ERROR:process_reader_win.cc(151)] SuspendThread: Access is denied. (0x5)
[1219/172653.900:ERROR:process_reader_win.cc(151)] SuspendThread: Access is denied. (0x5)
[1219/172653.900:ERROR:process_reader_win.cc(151)] SuspendThread: Access is denied. (0x5)
[1219/172653.900:ERROR:process_reader_win.cc(151)] SuspendThread: Access is denied. (0x5)
[1219/172653.900:ERROR:process_reader_win.cc(151)] SuspendThread: Access is denied. (0x5)
[1219/172653.900:ERROR:process_reader_win.cc(151)] SuspendThread: Access is denied. (0x5)
[1219/172653.900:ERROR:process_reader_win.cc(151)] SuspendThread: Access is denied. (0x5)
[1219/172653.900:ERROR:process_reader_win.cc(151)] SuspendThread: Access is denied. (0x5)
[1219/172653.900:ERROR:process_reader_win.cc(151)] SuspendThread: Access is denied. (0x5)
[1219/172653.900:ERROR:process_reader_win.cc(151)] SuspendThread: Access is denied. (0x5)
[1219/172653.900:ERROR:process_reader_win.cc(123)] NtOpenThread: {Access Denied} A process has requested access to an object, but has not been granted those access rights. (0xc0000022)
[1219/172653.900:ERROR:exception_snapshot_win.cc(99)] thread ID 8120 not found in process
[1219/172654.275:ERROR:process_reader_win.cc(151)] SuspendThread: Access is denied. (0x5)
[1219/172654.275:ERROR:process_reader_win.cc(151)] SuspendThread: Access is denied. (0x5)
[1219/172654.275:ERROR:process_reader_win.cc(151)] SuspendThread: Access is denied. (0x5)
[1219/172654.275:ERROR:process_reader_win.cc(151)] SuspendThread: Access is denied. (0x5)
[1219/172654.275:ERROR:process_reader_win.cc(151)] SuspendThread: Access is denied. (0x5)
[1219/172654.275:ERROR:process_reader_win.cc(151)] SuspendThread: Access is denied. (0x5)
[1219/172654.275:ERROR:process_reader_win.cc(151)] SuspendThread: Access is denied. (0x5)
[1219/172654.275:ERROR:process_reader_win.cc(151)] SuspendThread: Access is denied. (0x5)
[1219/172654.275:ERROR:process_reader_win.cc(151)] SuspendThread: Access is denied. (0x5)
[1219/172654.275:ERROR:process_reader_win.cc(151)] SuspendThread: Access is denied. (0x5)
[1219/172654.275:ERROR:process_reader_win.cc(151)] SuspendThread: Access is denied. (0x5)
[1219/172654.275:ERROR:process_reader_win.cc(151)] SuspendThread: Access is denied. (0x5)
[1219/172654.275:ERROR:process_reader_win.cc(123)] NtOpenThread: {Access Denied} A process has requested access to an object, but has not been granted those access rights. (0xc0000022)
[1219/172654.275:ERROR:exception_snapshot_win.cc(99)] thread ID 2608 not found in process
[1219/172654.354:ERROR:process_reader_win.cc(151)] SuspendThread: Access is denied. (0x5)
[1219/172654.354:ERROR:process_reader_win.cc(151)] SuspendThread: Access is denied. (0x5)
[1219/172654.354:ERROR:process_reader_win.cc(151)] SuspendThread: Access is denied. (0x5)
[1219/172654.354:ERROR:process_reader_win.cc(151)] SuspendThread: Access is denied. (0x5)
[1219/172654.354:ERROR:process_reader_win.cc(151)] SuspendThread: Access is denied. (0x5)
[1219/172654.354:ERROR:process_reader_win.cc(151)] SuspendThread: Access is denied. (0x5)
[1219/172654.354:ERROR:process_reader_win.cc(151)] SuspendThread: Access is denied. (0x5)
[1219/172654.354:ERROR:process_reader_win.cc(151)] SuspendThread: Access is denied. (0x5)
[1219/172654.354:ERROR:process_reader_win.cc(151)] SuspendThread: Access is denied. (0x5)
[1219/172654.354:ERROR:process_reader_win.cc(151)] SuspendThread: Access is denied. (0x5)
[1219/172654.354:ERROR:process_reader_win.cc(123)] NtOpenThread: {Access Denied} A process has requested access to an object, but has not been granted those access rights. (0xc0000022)
[1219/172654.354:ERROR:exception_snapshot_win.cc(99)] thread ID 23828 not found in process
[1219/172654.385:ERROR:process_reader_win.cc(151)] SuspendThread: Access is denied. (0x5)
[1219/172654.385:ERROR:process_reader_win.cc(151)] SuspendThread: Access is denied. (0x5)
[1219/172654.385:ERROR:process_reader_win.cc(151)] SuspendThread: Access is denied. (0x5)
[1219/172654.385:ERROR:process_reader_win.cc(151)] SuspendThread: Access is denied. (0x5)
[1219/172654.385:ERROR:process_reader_win.cc(151)] SuspendThread: Access is denied. (0x5)
[1219/172654.385:ERROR:process_reader_win.cc(151)] SuspendThread: Access is denied. (0x5)
[1219/172654.385:ERROR:process_reader_win.cc(151)] SuspendThread: Access is denied. (0x5)
[1219/172654.385:ERROR:process_reader_win.cc(151)] SuspendThread: Access is denied. (0x5)
[1219/172654.385:ERROR:process_reader_win.cc(151)] SuspendThread: Access is denied. (0x5)
[1219/172654.385:ERROR:process_reader_win.cc(151)] SuspendThread: Access is denied. (0x5)
[1219/172654.385:ERROR:process_reader_win.cc(151)] SuspendThread: Access is denied. (0x5)
[1219/172654.385:ERROR:process_reader_win.cc(123)] NtOpenThread: {Access Denied} A process has requested access to an object, but has not been granted those access rights. (0xc0000022)
[1219/172654.385:ERROR:exception_snapshot_win.cc(99)] thread ID 4860 not found in process
[1219/172654.416:ERROR:process_reader_win.cc(151)] SuspendThread: Access is denied. (0x5)
[1219/172654.416:ERROR:process_reader_win.cc(151)] SuspendThread: Access is denied. (0x5)
[1219/172654.416:ERROR:process_reader_win.cc(151)] SuspendThread: Access is denied. (0x5)
[1219/172654.416:ERROR:process_reader_win.cc(151)] SuspendThread: Access is denied. (0x5)
[1219/172654.416:ERROR:process_reader_win.cc(151)] SuspendThread: Access is denied. (0x5)
[1219/172654.416:ERROR:process_reader_win.cc(151)] SuspendThread: Access is denied. (0x5)
[1219/172654.416:ERROR:process_reader_win.cc(151)] SuspendThread: Access is denied. (0x5)
[1219/172654.416:ERROR:process_reader_win.cc(151)] SuspendThread: Access is denied. (0x5)
[1219/172654.416:ERROR:process_reader_win.cc(151)] SuspendThread: Access is denied. (0x5)
[1219/172654.416:ERROR:process_reader_win.cc(151)] SuspendThread: Access is denied. (0x5)
[1219/172654.416:ERROR:process_reader_win.cc(151)] SuspendThread: Access is denied. (0x5)
[1219/172654.416:ERROR:process_reader_win.cc(123)] NtOpenThread: {Access Denied} A process has requested access to an object, but has not been granted those access rights. (0xc0000022)
[1219/172654.416:ERROR:exception_snapshot_win.cc(99)] thread ID 15872 not found in process
[1219/172654.822:ERROR:process_reader_win.cc(151)] SuspendThread: Access is denied. (0x5)
[1219/172654.822:ERROR:process_reader_win.cc(151)] SuspendThread: Access is denied. (0x5)
[1219/172654.822:ERROR:process_reader_win.cc(151)] SuspendThread: Access is denied. (0x5)
[1219/172654.822:ERROR:process_reader_win.cc(151)] SuspendThread: Access is denied. (0x5)
[1219/172654.822:ERROR:process_reader_win.cc(151)] SuspendThread: Access is denied. (0x5)
[1219/172654.822:ERROR:process_reader_win.cc(151)] SuspendThread: Access is denied. (0x5)
[1219/172654.822:ERROR:process_reader_win.cc(151)] SuspendThread: Access is denied. (0x5)
[1219/172654.822:ERROR:process_reader_win.cc(151)] SuspendThread: Access is denied. (0x5)
[1219/172654.822:ERROR:process_reader_win.cc(151)] SuspendThread: Access is denied. (0x5)
[1219/172654.822:ERROR:process_reader_win.cc(151)] SuspendThread: Access is denied. (0x5)
[1219/172654.822:ERROR:exception_snapshot_win.cc(99)] thread ID 20208 not found in process
[1219/172654.916:ERROR:process_reader_win.cc(151)] SuspendThread: Access is denied. (0x5)
[1219/172654.916:ERROR:process_reader_win.cc(151)] SuspendThread: Access is denied. (0x5)
[1219/172654.916:ERROR:process_reader_win.cc(123)] NtOpenThread: {Access Denied} A process has requested access to an object, but has not been granted those access rights. (0xc0000022)
[1219/172654.916:ERROR:exception_snapshot_win.cc(99)] thread ID 13240 not found in process
[1219/172655.369:ERROR:process_info.cc(329)] VirtualQueryEx: Access is denied. (0x5)
[1219/172655.369:ERROR:process_info.cc(556)] ReadMemoryInfo failed
[1219/172655.369:ERROR:process_memory_win.cc(39)] Failed to initialize ProcessInfo.
[1219/172655.369:ERROR:scoped_process_suspend.cc(40)] NtResumeProcess: An attempt was made to access an exiting process. (0xc000010a)
[1223/160323.411:ERROR:directory_reader_win.cc(43)] FindFirstFile: The system cannot find the path specified. (0x3)
[1224/161121.431:ERROR:directory_reader_win.cc(43)] FindFirstFile: The system cannot find the path specified. (0x3)
[1229/110759.794:ERROR:directory_reader_win.cc(43)] FindFirstFile: The system cannot find the path specified. (0x3)
[1230/120616.153:ERROR:directory_reader_win.cc(43)] FindFirstFile: The system cannot find the path specified. (0x3)
[1230/153751.069:ERROR:directory_reader_win.cc(43)] FindFirstFile: The system cannot find the path specified. (0x3)
[0108/123727.435:ERROR:directory_reader_win.cc(43)] FindFirstFile: The system cannot find the path specified. (0x3)
